06-Jun-2020 23:02:30.278 INFO [http-nio-8282-exec-26] org.apache.catalina.startup.HostConfig.deployDescriptor Desplieque del descriptor de configuración [/Users/max/Documents/Code/Java/Tomcat/apache-tomcat-9.0.35/conf/Catalina/localhost/Agenda.xml]
06-Jun-2020 23:02:30.779 WARNING [http-nio-8282-exec-26] org.apache.catalina.startup.HostConfig.deployDescriptor The path attribute with value [/Agenda] in deployment descriptor [/Users/max/Documents/Code/Java/Tomcat/apache-tomcat-9.0.35/conf/Catalina/localhost/Agenda.xml] has been ignored
06-Jun-2020 23:02:40.313 INFO [http-nio-8282-exec-26] org.apache.jasper.servlet.TldScanner.scanJars Al menos un JAR, que se ha explorado buscando TLDs, aún no contenía TLDs. Activar historial de depuración para este historiador para una completa lista de los JARs que fueron explorados y de los que nos se halló TLDs. Saltarse JARs no necesarios durante la exploración puede dar lugar a una mejora de tiempo significativa en el arranque y compilación de JSP .
06-Jun-2020 23:02:40.814 INFO [http-nio-8282-exec-26] org.apache.catalina.startup.HostConfig.deployDescriptor Deployment of deployment descriptor [/Users/max/Documents/Code/Java/Tomcat/apache-tomcat-9.0.35/conf/Catalina/localhost/Agenda.xml] has finished in [10.403] ms
06-Jun-2020 23:02:40.924 INFO [http-nio-8282-exec-24] org.apache.catalina.util.LifecycleBase.start The start() method was called on component [StandardEngine[Catalina].StandardHost[localhost].StandardContext[/Agenda]] after start() had already been called. The second call will be ignored.
06-Jun-2020 23:05:22.849 INFO [http-nio-8282-exec-24] org.apache.catalina.core.StandardContext.reload Ha comenzado la recarga de Contexto [/Agenda]
06-Jun-2020 23:05:26.301 INFO [http-nio-8282-exec-24] org.apache.jasper.servlet.TldScanner.scanJars Al menos un JAR, que se ha explorado buscando TLDs, aún no contenía TLDs. Activar historial de depuración para este historiador para una completa lista de los JARs que fueron explorados y de los que nos se halló TLDs. Saltarse JARs no necesarios durante la exploración puede dar lugar a una mejora de tiempo significativa en el arranque y compilación de JSP .
06-Jun-2020 23:05:26.421 INFO [http-nio-8282-exec-24] org.apache.catalina.core.StandardContext.reload Se ha completado la recarga de este Contexto
06-Jun-2020 23:05:26.889 INFO [http-nio-8282-exec-27] org.apache.catalina.core.StandardContext.reload Ha comenzado la recarga de Contexto [/Agenda]
06-Jun-2020 23:05:28.330 INFO [http-nio-8282-exec-27] org.apache.jasper.servlet.TldScanner.scanJars Al menos un JAR, que se ha explorado buscando TLDs, aún no contenía TLDs. Activar historial de depuración para este historiador para una completa lista de los JARs que fueron explorados y de los que nos se halló TLDs. Saltarse JARs no necesarios durante la exploración puede dar lugar a una mejora de tiempo significativa en el arranque y compilación de JSP .
06-Jun-2020 23:05:28.361 INFO [http-nio-8282-exec-27] org.apache.catalina.core.StandardContext.reload Se ha completado la recarga de este Contexto
06-Jun-2020 23:05:44.333 INFO [http-nio-8282-exec-29] org.apache.catalina.core.StandardContext.reload Ha comenzado la recarga de Contexto [/Agenda]
06-Jun-2020 23:05:45.563 INFO [http-nio-8282-exec-29] org.apache.jasper.servlet.TldScanner.scanJars Al menos un JAR, que se ha explorado buscando TLDs, aún no contenía TLDs. Activar historial de depuración para este historiador para una completa lista de los JARs que fueron explorados y de los que nos se halló TLDs. Saltarse JARs no necesarios durante la exploración puede dar lugar a una mejora de tiempo significativa en el arranque y compilación de JSP .
06-Jun-2020 23:05:45.581 INFO [http-nio-8282-exec-29] org.apache.catalina.core.StandardContext.reload Se ha completado la recarga de este Contexto
06-Jun-2020 23:10:26.375 INFO [http-nio-8282-exec-34] org.apache.catalina.core.StandardContext.reload Ha comenzado la recarga de Contexto [/Agenda]
06-Jun-2020 23:10:27.877 INFO [http-nio-8282-exec-34] org.apache.jasper.servlet.TldScanner.scanJars Al menos un JAR, que se ha explorado buscando TLDs, aún no contenía TLDs. Activar historial de depuración para este historiador para una completa lista de los JARs que fueron explorados y de los que nos se halló TLDs. Saltarse JARs no necesarios durante la exploración puede dar lugar a una mejora de tiempo significativa en el arranque y compilación de JSP .
06-Jun-2020 23:10:27.891 INFO [http-nio-8282-exec-34] org.apache.catalina.core.StandardContext.reload Se ha completado la recarga de este Contexto
06-Jun-2020 23:10:33.264 INFO [http-nio-8282-exec-37] org.apache.catalina.core.StandardContext.reload Ha comenzado la recarga de Contexto [/Agenda]
06-Jun-2020 23:10:34.131 INFO [http-nio-8282-exec-37] org.apache.jasper.servlet.TldScanner.scanJars Al menos un JAR, que se ha explorado buscando TLDs, aún no contenía TLDs. Activar historial de depuración para este historiador para una completa lista de los JARs que fueron explorados y de los que nos se halló TLDs. Saltarse JARs no necesarios durante la exploración puede dar lugar a una mejora de tiempo significativa en el arranque y compilación de JSP .
06-Jun-2020 23:10:34.136 INFO [http-nio-8282-exec-37] org.apache.catalina.core.StandardContext.reload Se ha completado la recarga de este Contexto
06-Jun-2020 23:10:52.165 INFO [http-nio-8282-exec-38] org.apache.catalina.core.StandardContext.reload Ha comenzado la recarga de Contexto [/Agenda]
06-Jun-2020 23:10:55.091 INFO [http-nio-8282-exec-38] org.apache.jasper.servlet.TldScanner.scanJars Al menos un JAR, que se ha explorado buscando TLDs, aún no contenía TLDs. Activar historial de depuración para este historiador para una completa lista de los JARs que fueron explorados y de los que nos se halló TLDs. Saltarse JARs no necesarios durante la exploración puede dar lugar a una mejora de tiempo significativa en el arranque y compilación de JSP .
06-Jun-2020 23:10:55.109 INFO [http-nio-8282-exec-38] org.apache.catalina.core.StandardContext.reload Se ha completado la recarga de este Contexto
06-Jun-2020 23:11:31.556 INFO [http-nio-8282-exec-40] org.apache.catalina.core.StandardContext.reload Ha comenzado la recarga de Contexto [/Agenda]
06-Jun-2020 23:11:32.840 INFO [http-nio-8282-exec-40] org.apache.jasper.servlet.TldScanner.scanJars Al menos un JAR, que se ha explorado buscando TLDs, aún no contenía TLDs. Activar historial de depuración para este historiador para una completa lista de los JARs que fueron explorados y de los que nos se halló TLDs. Saltarse JARs no necesarios durante la exploración puede dar lugar a una mejora de tiempo significativa en el arranque y compilación de JSP .
06-Jun-2020 23:11:32.848 INFO [http-nio-8282-exec-40] org.apache.catalina.core.StandardContext.reload Se ha completado la recarga de este Contexto
06-Jun-2020 23:11:39.108 INFO [http-nio-8282-exec-33] org.apache.catalina.core.StandardContext.reload Ha comenzado la recarga de Contexto [/Agenda]
06-Jun-2020 23:11:39.801 INFO [http-nio-8282-exec-33] org.apache.jasper.servlet.TldScanner.scanJars Al menos un JAR, que se ha explorado buscando TLDs, aún no contenía TLDs. Activar historial de depuración para este historiador para una completa lista de los JARs que fueron explorados y de los que nos se halló TLDs. Saltarse JARs no necesarios durante la exploración puede dar lugar a una mejora de tiempo significativa en el arranque y compilación de JSP .
06-Jun-2020 23:11:39.809 INFO [http-nio-8282-exec-33] org.apache.catalina.core.StandardContext.reload Se ha completado la recarga de este Contexto
06-Jun-2020 23:14:43.906 INFO [http-nio-8282-exec-48] org.apache.catalina.core.StandardContext.reload Ha comenzado la recarga de Contexto [/Agenda]
06-Jun-2020 23:14:44.779 INFO [http-nio-8282-exec-48] org.apache.jasper.servlet.TldScanner.scanJars Al menos un JAR, que se ha explorado buscando TLDs, aún no contenía TLDs. Activar historial de depuración para este historiador para una completa lista de los JARs que fueron explorados y de los que nos se halló TLDs. Saltarse JARs no necesarios durante la exploración puede dar lugar a una mejora de tiempo significativa en el arranque y compilación de JSP .
06-Jun-2020 23:14:44.798 INFO [http-nio-8282-exec-48] org.apache.catalina.core.StandardContext.reload Se ha completado la recarga de este Contexto
06-Jun-2020 23:23:49.908 INFO [http-nio-8282-exec-63] org.apache.catalina.core.StandardContext.reload Ha comenzado la recarga de Contexto [/Agenda]
06-Jun-2020 23:23:52.789 INFO [http-nio-8282-exec-63] org.apache.jasper.servlet.TldScanner.scanJars Al menos un JAR, que se ha explorado buscando TLDs, aún no contenía TLDs. Activar historial de depuración para este historiador para una completa lista de los JARs que fueron explorados y de los que nos se halló TLDs. Saltarse JARs no necesarios durante la exploración puede dar lugar a una mejora de tiempo significativa en el arranque y compilación de JSP .
06-Jun-2020 23:23:52.855 INFO [http-nio-8282-exec-63] org.apache.catalina.core.StandardContext.reload Se ha completado la recarga de este Contexto
06-Jun-2020 23:25:04.496 INFO [http-nio-8282-exec-66] org.apache.catalina.core.StandardContext.reload Ha comenzado la recarga de Contexto [/Agenda]
06-Jun-2020 23:25:10.773 INFO [http-nio-8282-exec-66] org.apache.jasper.servlet.TldScanner.scanJars Al menos un JAR, que se ha explorado buscando TLDs, aún no contenía TLDs. Activar historial de depuración para este historiador para una completa lista de los JARs que fueron explorados y de los que nos se halló TLDs. Saltarse JARs no necesarios durante la exploración puede dar lugar a una mejora de tiempo significativa en el arranque y compilación de JSP .
06-Jun-2020 23:25:11.047 INFO [http-nio-8282-exec-66] org.apache.catalina.core.StandardContext.reload Se ha completado la recarga de este Contexto
06-Jun-2020 23:32:58.659 INFO [http-nio-8282-exec-80] org.apache.catalina.core.StandardContext.reload Ha comenzado la recarga de Contexto [/Agenda]
06-Jun-2020 23:33:01.925 INFO [http-nio-8282-exec-80] org.apache.jasper.servlet.TldScanner.scanJars Al menos un JAR, que se ha explorado buscando TLDs, aún no contenía TLDs. Activar historial de depuración para este historiador para una completa lista de los JARs que fueron explorados y de los que nos se halló TLDs. Saltarse JARs no necesarios durante la exploración puede dar lugar a una mejora de tiempo significativa en el arranque y compilación de JSP .
06-Jun-2020 23:33:02.123 INFO [http-nio-8282-exec-80] org.apache.catalina.core.StandardContext.reload Se ha completado la recarga de este Contexto
06-Jun-2020 23:33:27.610 INFO [http-nio-8282-exec-83] org.apache.catalina.core.StandardContext.reload Ha comenzado la recarga de Contexto [/Agenda]
06-Jun-2020 23:33:31.973 INFO [http-nio-8282-exec-83] org.apache.jasper.servlet.TldScanner.scanJars Al menos un JAR, que se ha explorado buscando TLDs, aún no contenía TLDs. Activar historial de depuración para este historiador para una completa lista de los JARs que fueron explorados y de los que nos se halló TLDs. Saltarse JARs no necesarios durante la exploración puede dar lugar a una mejora de tiempo significativa en el arranque y compilación de JSP .
06-Jun-2020 23:33:32.024 INFO [http-nio-8282-exec-83] org.apache.catalina.core.StandardContext.reload Se ha completado la recarga de este Contexto
06-Jun-2020 23:33:37.038 INFO [http-nio-8282-exec-85] org.apache.catalina.core.StandardContext.reload Ha comenzado la recarga de Contexto [/Agenda]
06-Jun-2020 23:33:39.825 INFO [http-nio-8282-exec-85] org.apache.jasper.servlet.TldScanner.scanJars Al menos un JAR, que se ha explorado buscando TLDs, aún no contenía TLDs. Activar historial de depuración para este historiador para una completa lista de los JARs que fueron explorados y de los que nos se halló TLDs. Saltarse JARs no necesarios durante la exploración puede dar lugar a una mejora de tiempo significativa en el arranque y compilación de JSP .
06-Jun-2020 23:33:39.865 INFO [http-nio-8282-exec-85] org.apache.catalina.core.StandardContext.reload Se ha completado la recarga de este Contexto
06-Jun-2020 23:36:30.672 INFO [http-nio-8282-exec-92] org.apache.catalina.core.StandardContext.reload Ha comenzado la recarga de Contexto [/Agenda]
06-Jun-2020 23:36:32.091 INFO [http-nio-8282-exec-92] org.apache.jasper.servlet.TldScanner.scanJars Al menos un JAR, que se ha explorado buscando TLDs, aún no contenía TLDs. Activar historial de depuración para este historiador para una completa lista de los JARs que fueron explorados y de los que nos se halló TLDs. Saltarse JARs no necesarios durante la exploración puede dar lugar a una mejora de tiempo significativa en el arranque y compilación de JSP .
06-Jun-2020 23:36:32.140 INFO [http-nio-8282-exec-92] org.apache.catalina.core.StandardContext.reload Se ha completado la recarga de este Contexto
06-Jun-2020 23:39:48.682 INFO [http-nio-8282-exec-100] org.apache.catalina.core.StandardContext.reload Ha comenzado la recarga de Contexto [/Agenda]
06-Jun-2020 23:39:51.085 INFO [http-nio-8282-exec-100] org.apache.jasper.servlet.TldScanner.scanJars Al menos un JAR, que se ha explorado buscando TLDs, aún no contenía TLDs. Activar historial de depuración para este historiador para una completa lista de los JARs que fueron explorados y de los que nos se halló TLDs. Saltarse JARs no necesarios durante la exploración puede dar lugar a una mejora de tiempo significativa en el arranque y compilación de JSP .
06-Jun-2020 23:39:51.100 INFO [http-nio-8282-exec-100] org.apache.catalina.core.StandardContext.reload Se ha completado la recarga de este Contexto
06-Jun-2020 23:39:51.118 INFO [http-nio-8282-exec-95] org.apache.catalina.core.StandardContext.reload Ha comenzado la recarga de Contexto [/Agenda]
06-Jun-2020 23:39:51.844 INFO [http-nio-8282-exec-95] org.apache.jasper.servlet.TldScanner.scanJars Al menos un JAR, que se ha explorado buscando TLDs, aún no contenía TLDs. Activar historial de depuración para este historiador para una completa lista de los JARs que fueron explorados y de los que nos se halló TLDs. Saltarse JARs no necesarios durante la exploración puede dar lugar a una mejora de tiempo significativa en el arranque y compilación de JSP .
06-Jun-2020 23:39:51.859 INFO [http-nio-8282-exec-95] org.apache.catalina.core.StandardContext.reload Se ha completado la recarga de este Contexto
06-Jun-2020 23:46:35.131 INFO [http-nio-8282-exec-109] org.apache.catalina.core.StandardContext.reload Ha comenzado la recarga de Contexto [/Agenda]
06-Jun-2020 23:46:39.324 INFO [http-nio-8282-exec-109] org.apache.jasper.servlet.TldScanner.scanJars Al menos un JAR, que se ha explorado buscando TLDs, aún no contenía TLDs. Activar historial de depuración para este historiador para una completa lista de los JARs que fueron explorados y de los que nos se halló TLDs. Saltarse JARs no necesarios durante la exploración puede dar lugar a una mejora de tiempo significativa en el arranque y compilación de JSP .
06-Jun-2020 23:46:39.467 INFO [http-nio-8282-exec-109] org.apache.catalina.core.StandardContext.reload Se ha completado la recarga de este Contexto
06-Jun-2020 23:58:24.168 INFO [http-nio-8282-exec-117] org.apache.catalina.core.StandardContext.reload Ha comenzado la recarga de Contexto [/Agenda]
06-Jun-2020 23:58:28.620 INFO [http-nio-8282-exec-117] org.apache.jasper.servlet.TldScanner.scanJars Al menos un JAR, que se ha explorado buscando TLDs, aún no contenía TLDs. Activar historial de depuración para este historiador para una completa lista de los JARs que fueron explorados y de los que nos se halló TLDs. Saltarse JARs no necesarios durante la exploración puede dar lugar a una mejora de tiempo significativa en el arranque y compilación de JSP .
06-Jun-2020 23:58:28.818 INFO [http-nio-8282-exec-117] org.apache.catalina.core.StandardContext.reload Se ha completado la recarga de este Contexto
06-Jun-2020 23:58:52.118 INFO [http-nio-8282-exec-113] org.apache.catalina.core.StandardContext.reload Ha comenzado la recarga de Contexto [/Agenda]
06-Jun-2020 23:58:53.374 INFO [http-nio-8282-exec-113] org.apache.jasper.servlet.TldScanner.scanJars Al menos un JAR, que se ha explorado buscando TLDs, aún no contenía TLDs. Activar historial de depuración para este historiador para una completa lista de los JARs que fueron explorados y de los que nos se halló TLDs. Saltarse JARs no necesarios durante la exploración puede dar lugar a una mejora de tiempo significativa en el arranque y compilación de JSP .
06-Jun-2020 23:58:53.407 INFO [http-nio-8282-exec-113] org.apache.catalina.core.StandardContext.reload Se ha completado la recarga de este Contexto
