23-May-2020 18:29:07.199 INFO [main] org.apache.catalina.core.ApplicationContext.log ContextListener: contextInitialized()
23-May-2020 18:29:07.199 INFO [main] org.apache.catalina.core.ApplicationContext.log SessionListener: contextInitialized()
23-May-2020 18:29:07.202 INFO [main] org.apache.catalina.core.ApplicationContext.log ContextListener: attributeAdded('StockTicker', 'async.Stockticker@427b5f92')
23-May-2020 18:33:09.605 INFO [main] org.apache.catalina.core.ApplicationContext.log SessionListener: contextDestroyed()
23-May-2020 18:33:09.605 INFO [main] org.apache.catalina.core.ApplicationContext.log ContextListener: contextDestroyed()
23-May-2020 18:33:17.612 INFO [main] org.apache.catalina.core.ApplicationContext.log ContextListener: contextInitialized()
23-May-2020 18:33:17.612 INFO [main] org.apache.catalina.core.ApplicationContext.log SessionListener: contextInitialized()
23-May-2020 18:33:17.615 INFO [main] org.apache.catalina.core.ApplicationContext.log ContextListener: attributeAdded('StockTicker', 'async.Stockticker@34625ccd')
23-May-2020 18:36:59.800 INFO [main] org.apache.catalina.core.ApplicationContext.log SessionListener: contextDestroyed()
23-May-2020 18:36:59.800 INFO [main] org.apache.catalina.core.ApplicationContext.log ContextListener: contextDestroyed()
23-May-2020 18:37:17.050 INFO [main] org.apache.catalina.core.ApplicationContext.log ContextListener: contextInitialized()
23-May-2020 18:37:17.050 INFO [main] org.apache.catalina.core.ApplicationContext.log SessionListener: contextInitialized()
23-May-2020 18:37:17.055 INFO [main] org.apache.catalina.core.ApplicationContext.log ContextListener: attributeAdded('StockTicker', 'async.Stockticker@2c7d121c')
23-May-2020 18:45:15.750 INFO [main] org.apache.catalina.core.ApplicationContext.log SessionListener: contextDestroyed()
23-May-2020 18:45:15.751 INFO [main] org.apache.catalina.core.ApplicationContext.log ContextListener: contextDestroyed()
23-May-2020 18:45:24.872 INFO [main] org.apache.catalina.core.ApplicationContext.log ContextListener: contextInitialized()
23-May-2020 18:45:24.872 INFO [main] org.apache.catalina.core.ApplicationContext.log SessionListener: contextInitialized()
23-May-2020 18:45:24.876 INFO [main] org.apache.catalina.core.ApplicationContext.log ContextListener: attributeAdded('StockTicker', 'async.Stockticker@34625ccd')
23-May-2020 20:41:55.471 INFO [main] org.apache.catalina.core.ApplicationContext.log SessionListener: contextDestroyed()
23-May-2020 20:41:55.483 INFO [main] org.apache.catalina.core.ApplicationContext.log ContextListener: contextDestroyed()
23-May-2020 20:42:04.438 INFO [main] org.apache.catalina.core.ApplicationContext.log ContextListener: contextInitialized()
23-May-2020 20:42:04.438 INFO [main] org.apache.catalina.core.ApplicationContext.log SessionListener: contextInitialized()
23-May-2020 20:42:04.442 INFO [main] org.apache.catalina.core.ApplicationContext.log ContextListener: attributeAdded('StockTicker', 'async.Stockticker@18a3962d')
23-May-2020 20:43:12.532 INFO [main] org.apache.catalina.core.ApplicationContext.log SessionListener: contextDestroyed()
23-May-2020 20:43:12.533 INFO [main] org.apache.catalina.core.ApplicationContext.log ContextListener: contextDestroyed()
23-May-2020 20:43:36.671 INFO [main] org.apache.catalina.core.ApplicationContext.log ContextListener: contextInitialized()
23-May-2020 20:43:36.671 INFO [main] org.apache.catalina.core.ApplicationContext.log SessionListener: contextInitialized()
23-May-2020 20:43:36.674 INFO [main] org.apache.catalina.core.ApplicationContext.log ContextListener: attributeAdded('StockTicker', 'async.Stockticker@5f3b9c57')
23-May-2020 20:43:45.936 INFO [main] org.apache.catalina.core.ApplicationContext.log SessionListener: contextDestroyed()
23-May-2020 20:43:45.938 INFO [main] org.apache.catalina.core.ApplicationContext.log ContextListener: contextDestroyed()
23-May-2020 20:43:54.198 INFO [main] org.apache.catalina.core.ApplicationContext.log ContextListener: contextInitialized()
23-May-2020 20:43:54.199 INFO [main] org.apache.catalina.core.ApplicationContext.log SessionListener: contextInitialized()
23-May-2020 20:43:54.203 INFO [main] org.apache.catalina.core.ApplicationContext.log ContextListener: attributeAdded('StockTicker', 'async.Stockticker@5b6813df')
23-May-2020 20:45:10.107 INFO [main] org.apache.catalina.core.ApplicationContext.log SessionListener: contextDestroyed()
23-May-2020 20:45:10.107 INFO [main] org.apache.catalina.core.ApplicationContext.log ContextListener: contextDestroyed()
23-May-2020 20:45:37.728 INFO [main] org.apache.catalina.core.ApplicationContext.log ContextListener: contextInitialized()
23-May-2020 20:45:37.728 INFO [main] org.apache.catalina.core.ApplicationContext.log SessionListener: contextInitialized()
23-May-2020 20:45:37.733 INFO [main] org.apache.catalina.core.ApplicationContext.log ContextListener: attributeAdded('StockTicker', 'async.Stockticker@5f2606b')
23-May-2020 20:50:03.003 INFO [main] org.apache.catalina.core.ApplicationContext.log SessionListener: contextDestroyed()
23-May-2020 20:50:03.003 INFO [main] org.apache.catalina.core.ApplicationContext.log ContextListener: contextDestroyed()
23-May-2020 20:50:25.719 INFO [main] org.apache.catalina.core.ApplicationContext.log ContextListener: contextInitialized()
23-May-2020 20:50:25.719 INFO [main] org.apache.catalina.core.ApplicationContext.log SessionListener: contextInitialized()
23-May-2020 20:50:25.724 INFO [main] org.apache.catalina.core.ApplicationContext.log ContextListener: attributeAdded('StockTicker', 'async.Stockticker@18a3962d')
23-May-2020 20:55:12.294 INFO [main] org.apache.catalina.core.ApplicationContext.log SessionListener: contextDestroyed()
23-May-2020 20:55:12.294 INFO [main] org.apache.catalina.core.ApplicationContext.log ContextListener: contextDestroyed()
23-May-2020 20:59:27.514 INFO [main] org.apache.catalina.core.ApplicationContext.log ContextListener: contextInitialized()
23-May-2020 20:59:27.540 INFO [main] org.apache.catalina.core.ApplicationContext.log SessionListener: contextInitialized()
23-May-2020 20:59:27.544 INFO [main] org.apache.catalina.core.ApplicationContext.log ContextListener: attributeAdded('StockTicker', 'async.Stockticker@4f936da8')
23-May-2020 21:03:11.581 INFO [main] org.apache.catalina.core.ApplicationContext.log SessionListener: contextDestroyed()
23-May-2020 21:03:11.581 INFO [main] org.apache.catalina.core.ApplicationContext.log ContextListener: contextDestroyed()
23-May-2020 21:03:46.358 INFO [main] org.apache.catalina.core.ApplicationContext.log ContextListener: contextInitialized()
23-May-2020 21:03:46.358 INFO [main] org.apache.catalina.core.ApplicationContext.log SessionListener: contextInitialized()
23-May-2020 21:03:46.361 INFO [main] org.apache.catalina.core.ApplicationContext.log ContextListener: attributeAdded('StockTicker', 'async.Stockticker@52500920')
23-May-2020 21:07:51.811 INFO [main] org.apache.catalina.core.ApplicationContext.log SessionListener: contextDestroyed()
23-May-2020 21:07:51.811 INFO [main] org.apache.catalina.core.ApplicationContext.log ContextListener: contextDestroyed()
23-May-2020 21:08:37.700 INFO [main] org.apache.catalina.core.ApplicationContext.log ContextListener: contextInitialized()
23-May-2020 21:08:37.700 INFO [main] org.apache.catalina.core.ApplicationContext.log SessionListener: contextInitialized()
23-May-2020 21:08:37.704 INFO [main] org.apache.catalina.core.ApplicationContext.log ContextListener: attributeAdded('StockTicker', 'async.Stockticker@4f936da8')
23-May-2020 21:11:59.515 INFO [main] org.apache.catalina.core.ApplicationContext.log SessionListener: contextDestroyed()
23-May-2020 21:11:59.515 INFO [main] org.apache.catalina.core.ApplicationContext.log ContextListener: contextDestroyed()
23-May-2020 21:13:52.663 INFO [main] org.apache.catalina.core.ApplicationContext.log ContextListener: contextInitialized()
23-May-2020 21:13:52.664 INFO [main] org.apache.catalina.core.ApplicationContext.log SessionListener: contextInitialized()
23-May-2020 21:13:52.670 INFO [main] org.apache.catalina.core.ApplicationContext.log ContextListener: attributeAdded('StockTicker', 'async.Stockticker@3d8bbcdc')
23-May-2020 21:19:02.458 INFO [main] org.apache.catalina.core.ApplicationContext.log SessionListener: contextDestroyed()
23-May-2020 21:19:02.458 INFO [main] org.apache.catalina.core.ApplicationContext.log ContextListener: contextDestroyed()
23-May-2020 21:19:14.150 INFO [main] org.apache.catalina.core.ApplicationContext.log ContextListener: contextInitialized()
23-May-2020 21:19:14.151 INFO [main] org.apache.catalina.core.ApplicationContext.log SessionListener: contextInitialized()
23-May-2020 21:19:14.154 INFO [main] org.apache.catalina.core.ApplicationContext.log ContextListener: attributeAdded('StockTicker', 'async.Stockticker@3d8bbcdc')
23-May-2020 21:29:26.285 INFO [main] org.apache.catalina.core.ApplicationContext.log SessionListener: contextDestroyed()
23-May-2020 21:29:26.286 INFO [main] org.apache.catalina.core.ApplicationContext.log ContextListener: contextDestroyed()
23-May-2020 21:29:42.490 INFO [main] org.apache.catalina.core.ApplicationContext.log ContextListener: contextInitialized()
23-May-2020 21:29:42.491 INFO [main] org.apache.catalina.core.ApplicationContext.log SessionListener: contextInitialized()
23-May-2020 21:29:42.498 INFO [main] org.apache.catalina.core.ApplicationContext.log ContextListener: attributeAdded('StockTicker', 'async.Stockticker@5b6813df')
23-May-2020 21:29:58.104 INFO [main] org.apache.catalina.core.ApplicationContext.log SessionListener: contextDestroyed()
23-May-2020 21:29:58.106 INFO [main] org.apache.catalina.core.ApplicationContext.log ContextListener: contextDestroyed()
23-May-2020 21:30:27.687 INFO [main] org.apache.catalina.core.ApplicationContext.log ContextListener: contextInitialized()
23-May-2020 21:30:27.688 INFO [main] org.apache.catalina.core.ApplicationContext.log SessionListener: contextInitialized()
23-May-2020 21:30:27.694 INFO [main] org.apache.catalina.core.ApplicationContext.log ContextListener: attributeAdded('StockTicker', 'async.Stockticker@78aea4b9')
