31-May-2020 14:59:02.542 INFO [http-nio-8282-exec-4] org.apache.catalina.core.ApplicationContext.log Manager: init: Associated with Deployer 'Catalina:type=Deployer,host=localhost'
31-May-2020 14:59:02.544 INFO [http-nio-8282-exec-4] org.apache.catalina.core.ApplicationContext.log Manager: init: Global resources are available
31-May-2020 14:59:02.547 INFO [http-nio-8282-exec-4] org.apache.catalina.core.ApplicationContext.log Manager: list: Listing contexts for virtual host 'localhost'
31-May-2020 14:59:03.324 INFO [http-nio-8282-exec-6] org.apache.catalina.core.ApplicationContext.log Manager: list: Listing contexts for virtual host 'localhost'
31-May-2020 14:59:04.122 INFO [http-nio-8282-exec-1] org.apache.catalina.core.ApplicationContext.log Manager: undeploy: Undeploying web application at '/WebApplicaion3'
31-May-2020 14:59:05.454 INFO [http-nio-8282-exec-6] org.apache.catalina.core.ApplicationContext.log Manager: undeploy: Undeploying web application at '/WebApplicaion3'
31-May-2020 14:59:05.853 INFO [http-nio-8282-exec-5] org.apache.catalina.core.ApplicationContext.log Manager: install: Installing context configuration at 'file:/var/folders/tf/t1xz7yvn1sz6bpgxjv2z8_6w0000gp/T/context1369849603367707438.xml'
31-May-2020 14:59:08.562 INFO [http-nio-8282-exec-3] org.apache.catalina.core.ApplicationContext.log Manager: start: Starting web application '/WebApplicaion3'
31-May-2020 15:11:40.373 INFO [http-nio-8282-exec-6] org.apache.catalina.core.ApplicationContext.log Manager: init: Associated with Deployer 'Catalina:type=Deployer,host=localhost'
31-May-2020 15:11:40.376 INFO [http-nio-8282-exec-6] org.apache.catalina.core.ApplicationContext.log Manager: init: Global resources are available
31-May-2020 15:11:40.378 INFO [http-nio-8282-exec-6] org.apache.catalina.core.ApplicationContext.log Manager: list: Listing contexts for virtual host 'localhost'
31-May-2020 15:11:40.398 INFO [http-nio-8282-exec-7] org.apache.catalina.core.ApplicationContext.log Manager: list: Listing contexts for virtual host 'localhost'
31-May-2020 15:12:09.875 INFO [http-nio-8282-exec-5] org.apache.catalina.core.ApplicationContext.log Manager: list: Listing contexts for virtual host 'localhost'
31-May-2020 15:12:40.270 INFO [http-nio-8282-exec-6] org.apache.catalina.core.ApplicationContext.log Manager: list: Listing contexts for virtual host 'localhost'
31-May-2020 15:12:41.008 INFO [http-nio-8282-exec-2] org.apache.catalina.core.ApplicationContext.log Manager: list: Listing contexts for virtual host 'localhost'
31-May-2020 15:12:41.029 INFO [http-nio-8282-exec-5] org.apache.catalina.core.ApplicationContext.log Manager: list: Listing contexts for virtual host 'localhost'
31-May-2020 15:12:49.807 INFO [http-nio-8282-exec-4] org.apache.catalina.core.ApplicationContext.log Manager: list: Listing contexts for virtual host 'localhost'
31-May-2020 15:12:50.429 INFO [http-nio-8282-exec-10] org.apache.catalina.core.ApplicationContext.log Manager: list: Listing contexts for virtual host 'localhost'
31-May-2020 15:12:50.447 INFO [http-nio-8282-exec-4] org.apache.catalina.core.ApplicationContext.log Manager: list: Listing contexts for virtual host 'localhost'
31-May-2020 15:15:37.136 INFO [http-nio-8282-exec-4] org.apache.catalina.core.ApplicationContext.log Manager: list: Listing contexts for virtual host 'localhost'
31-May-2020 15:15:39.156 INFO [http-nio-8282-exec-3] org.apache.catalina.core.ApplicationContext.log Manager: list: Listing contexts for virtual host 'localhost'
31-May-2020 15:15:39.165 INFO [http-nio-8282-exec-4] org.apache.catalina.core.ApplicationContext.log Manager: list: Listing contexts for virtual host 'localhost'
31-May-2020 15:29:35.084 INFO [http-nio-8282-exec-3] org.apache.catalina.core.ApplicationContext.log Manager: list: Listing contexts for virtual host 'localhost'
31-May-2020 15:30:23.587 INFO [http-nio-8282-exec-8] org.apache.catalina.core.ApplicationContext.log Manager: list: Listing contexts for virtual host 'localhost'
31-May-2020 15:30:23.599 INFO [http-nio-8282-exec-3] org.apache.catalina.core.ApplicationContext.log Manager: list: Listing contexts for virtual host 'localhost'
31-May-2020 15:43:12.173 INFO [http-nio-8282-exec-8] org.apache.catalina.core.ApplicationContext.log Manager: list: Listing contexts for virtual host 'localhost'
31-May-2020 15:43:13.218 INFO [http-nio-8282-exec-1] org.apache.catalina.core.ApplicationContext.log Manager: list: Listing contexts for virtual host 'localhost'
31-May-2020 15:43:13.307 INFO [http-nio-8282-exec-10] org.apache.catalina.core.ApplicationContext.log Manager: list: Listing contexts for virtual host 'localhost'
31-May-2020 15:43:48.803 INFO [http-nio-8282-exec-1] org.apache.catalina.core.ApplicationContext.log Manager: list: Listing contexts for virtual host 'localhost'
31-May-2020 15:43:49.583 INFO [http-nio-8282-exec-7] org.apache.catalina.core.ApplicationContext.log Manager: list: Listing contexts for virtual host 'localhost'
31-May-2020 15:43:49.607 INFO [http-nio-8282-exec-9] org.apache.catalina.core.ApplicationContext.log Manager: list: Listing contexts for virtual host 'localhost'
31-May-2020 15:44:34.490 INFO [http-nio-8282-exec-9] org.apache.catalina.core.ApplicationContext.log Manager: list: Listing contexts for virtual host 'localhost'
31-May-2020 15:44:34.502 INFO [http-nio-8282-exec-1] org.apache.catalina.core.ApplicationContext.log Manager: list: Listing contexts for virtual host 'localhost'
31-May-2020 15:45:24.595 INFO [http-nio-8282-exec-7] org.apache.catalina.core.ApplicationContext.log Manager: list: Listing contexts for virtual host 'localhost'
31-May-2020 15:45:25.209 INFO [http-nio-8282-exec-2] org.apache.catalina.core.ApplicationContext.log Manager: list: Listing contexts for virtual host 'localhost'
31-May-2020 15:45:25.231 INFO [http-nio-8282-exec-6] org.apache.catalina.core.ApplicationContext.log Manager: list: Listing contexts for virtual host 'localhost'
31-May-2020 15:46:16.055 INFO [http-nio-8282-exec-7] org.apache.catalina.core.ApplicationContext.log Manager: list: Listing contexts for virtual host 'localhost'
31-May-2020 15:46:17.343 INFO [http-nio-8282-exec-3] org.apache.catalina.core.ApplicationContext.log Manager: list: Listing contexts for virtual host 'localhost'
31-May-2020 15:46:17.359 INFO [http-nio-8282-exec-4] org.apache.catalina.core.ApplicationContext.log Manager: list: Listing contexts for virtual host 'localhost'
31-May-2020 15:46:41.198 INFO [http-nio-8282-exec-5] org.apache.catalina.core.ApplicationContext.log Manager: list: Listing contexts for virtual host 'localhost'
31-May-2020 15:46:41.913 INFO [http-nio-8282-exec-4] org.apache.catalina.core.ApplicationContext.log Manager: list: Listing contexts for virtual host 'localhost'
31-May-2020 15:46:41.929 INFO [http-nio-8282-exec-5] org.apache.catalina.core.ApplicationContext.log Manager: list: Listing contexts for virtual host 'localhost'
31-May-2020 15:47:14.506 INFO [http-nio-8282-exec-6] org.apache.catalina.core.ApplicationContext.log Manager: list: Listing contexts for virtual host 'localhost'
31-May-2020 15:47:21.530 INFO [http-nio-8282-exec-5] org.apache.catalina.core.ApplicationContext.log Manager: list: Listing contexts for virtual host 'localhost'
31-May-2020 15:47:39.617 INFO [http-nio-8282-exec-4] org.apache.catalina.core.ApplicationContext.log Manager: list: Listing contexts for virtual host 'localhost'
31-May-2020 15:47:51.253 INFO [http-nio-8282-exec-3] org.apache.catalina.core.ApplicationContext.log Manager: list: Listing contexts for virtual host 'localhost'
31-May-2020 15:48:04.105 INFO [http-nio-8282-exec-10] org.apache.catalina.core.ApplicationContext.log Manager: list: Listing contexts for virtual host 'localhost'
31-May-2020 15:48:04.116 INFO [http-nio-8282-exec-3] org.apache.catalina.core.ApplicationContext.log Manager: list: Listing contexts for virtual host 'localhost'
31-May-2020 15:48:40.383 INFO [http-nio-8282-exec-2] org.apache.catalina.core.ApplicationContext.log Manager: list: Listing contexts for virtual host 'localhost'
31-May-2020 15:51:55.755 INFO [http-nio-8282-exec-9] org.apache.catalina.core.ApplicationContext.log Manager: list: Listing contexts for virtual host 'localhost'
31-May-2020 15:51:56.757 INFO [http-nio-8282-exec-7] org.apache.catalina.core.ApplicationContext.log Manager: list: Listing contexts for virtual host 'localhost'
31-May-2020 15:51:56.771 INFO [http-nio-8282-exec-1] org.apache.catalina.core.ApplicationContext.log Manager: list: Listing contexts for virtual host 'localhost'
31-May-2020 15:52:26.199 INFO [http-nio-8282-exec-7] org.apache.catalina.core.ApplicationContext.log Manager: list: Listing contexts for virtual host 'localhost'
31-May-2020 15:52:26.747 INFO [http-nio-8282-exec-6] org.apache.catalina.core.ApplicationContext.log Manager: list: Listing contexts for virtual host 'localhost'
31-May-2020 15:52:26.754 INFO [http-nio-8282-exec-7] org.apache.catalina.core.ApplicationContext.log Manager: list: Listing contexts for virtual host 'localhost'
31-May-2020 15:52:37.288 INFO [http-nio-8282-exec-5] org.apache.catalina.core.ApplicationContext.log Manager: list: Listing contexts for virtual host 'localhost'
31-May-2020 16:01:17.306 INFO [http-nio-8282-exec-10] org.apache.catalina.core.ApplicationContext.log Manager: list: Listing contexts for virtual host 'localhost'
31-May-2020 16:01:18.852 INFO [http-nio-8282-exec-3] org.apache.catalina.core.ApplicationContext.log Manager: list: Listing contexts for virtual host 'localhost'
31-May-2020 16:01:18.866 INFO [http-nio-8282-exec-10] org.apache.catalina.core.ApplicationContext.log Manager: list: Listing contexts for virtual host 'localhost'
31-May-2020 16:01:36.805 INFO [http-nio-8282-exec-3] org.apache.catalina.core.ApplicationContext.log Manager: list: Listing contexts for virtual host 'localhost'
31-May-2020 16:01:38.924 INFO [http-nio-8282-exec-3] org.apache.catalina.core.ApplicationContext.log Manager: list: Listing contexts for virtual host 'localhost'
31-May-2020 16:01:38.942 INFO [http-nio-8282-exec-10] org.apache.catalina.core.ApplicationContext.log Manager: list: Listing contexts for virtual host 'localhost'
31-May-2020 17:38:38.478 INFO [http-nio-8282-exec-6] org.apache.catalina.core.ApplicationContext.log Manager: init: Associated with Deployer 'Catalina:type=Deployer,host=localhost'
31-May-2020 17:38:38.478 INFO [http-nio-8282-exec-6] org.apache.catalina.core.ApplicationContext.log Manager: init: Global resources are available
31-May-2020 17:38:38.480 INFO [http-nio-8282-exec-6] org.apache.catalina.core.ApplicationContext.log Manager: list: Listing contexts for virtual host 'localhost'
31-May-2020 17:38:38.525 INFO [http-nio-8282-exec-7] org.apache.catalina.core.ApplicationContext.log Manager: list: Listing contexts for virtual host 'localhost'
31-May-2020 17:39:12.332 INFO [http-nio-8282-exec-7] org.apache.catalina.core.ApplicationContext.log Manager: list: Listing contexts for virtual host 'localhost'
31-May-2020 17:39:13.037 INFO [http-nio-8282-exec-4] org.apache.catalina.core.ApplicationContext.log Manager: list: Listing contexts for virtual host 'localhost'
31-May-2020 17:39:13.062 INFO [http-nio-8282-exec-6] org.apache.catalina.core.ApplicationContext.log Manager: list: Listing contexts for virtual host 'localhost'
31-May-2020 17:39:30.330 INFO [http-nio-8282-exec-5] org.apache.catalina.core.ApplicationContext.log Manager: list: Listing contexts for virtual host 'localhost'
31-May-2020 17:39:31.181 INFO [http-nio-8282-exec-5] org.apache.catalina.core.ApplicationContext.log Manager: list: Listing contexts for virtual host 'localhost'
31-May-2020 17:39:31.193 INFO [http-nio-8282-exec-3] org.apache.catalina.core.ApplicationContext.log Manager: list: Listing contexts for virtual host 'localhost'
31-May-2020 17:40:23.233 INFO [http-nio-8282-exec-5] org.apache.catalina.core.ApplicationContext.log Manager: list: Listing contexts for virtual host 'localhost'
31-May-2020 17:40:23.873 INFO [http-nio-8282-exec-1] org.apache.catalina.core.ApplicationContext.log Manager: list: Listing contexts for virtual host 'localhost'
31-May-2020 17:40:23.884 INFO [http-nio-8282-exec-2] org.apache.catalina.core.ApplicationContext.log Manager: list: Listing contexts for virtual host 'localhost'
31-May-2020 17:40:33.856 INFO [http-nio-8282-exec-10] org.apache.catalina.core.ApplicationContext.log Manager: list: Listing contexts for virtual host 'localhost'
31-May-2020 17:40:34.823 INFO [http-nio-8282-exec-10] org.apache.catalina.core.ApplicationContext.log Manager: list: Listing contexts for virtual host 'localhost'
31-May-2020 17:40:34.833 INFO [http-nio-8282-exec-1] org.apache.catalina.core.ApplicationContext.log Manager: list: Listing contexts for virtual host 'localhost'
31-May-2020 17:46:46.729 INFO [http-nio-8282-exec-1] org.apache.catalina.core.ApplicationContext.log Manager: list: Listing contexts for virtual host 'localhost'
31-May-2020 17:46:47.344 INFO [http-nio-8282-exec-9] org.apache.catalina.core.ApplicationContext.log Manager: list: Listing contexts for virtual host 'localhost'
31-May-2020 17:46:47.360 INFO [http-nio-8282-exec-1] org.apache.catalina.core.ApplicationContext.log Manager: list: Listing contexts for virtual host 'localhost'
31-May-2020 17:46:59.986 INFO [http-nio-8282-exec-7] org.apache.catalina.core.ApplicationContext.log Manager: list: Listing contexts for virtual host 'localhost'
31-May-2020 23:14:55.981 INFO [http-nio-8282-exec-6] org.apache.catalina.core.ApplicationContext.log Manager: init: Associated with Deployer 'Catalina:type=Deployer,host=localhost'
31-May-2020 23:14:55.981 INFO [http-nio-8282-exec-6] org.apache.catalina.core.ApplicationContext.log Manager: init: Global resources are available
31-May-2020 23:14:55.984 INFO [http-nio-8282-exec-6] org.apache.catalina.core.ApplicationContext.log Manager: list: Listing contexts for virtual host 'localhost'
31-May-2020 23:14:56.012 INFO [http-nio-8282-exec-7] org.apache.catalina.core.ApplicationContext.log Manager: list: Listing contexts for virtual host 'localhost'
31-May-2020 23:16:50.959 INFO [http-nio-8282-exec-9] org.apache.catalina.core.ApplicationContext.log Manager: list: Listing contexts for virtual host 'localhost'
31-May-2020 23:20:28.729 INFO [http-nio-8282-exec-6] org.apache.catalina.core.ApplicationContext.log Manager: list: Listing contexts for virtual host 'localhost'
31-May-2020 23:20:29.595 INFO [http-nio-8282-exec-2] org.apache.catalina.core.ApplicationContext.log Manager: list: Listing contexts for virtual host 'localhost'
31-May-2020 23:20:29.611 INFO [http-nio-8282-exec-1] org.apache.catalina.core.ApplicationContext.log Manager: list: Listing contexts for virtual host 'localhost'
31-May-2020 23:22:37.575 INFO [http-nio-8282-exec-6] org.apache.catalina.core.ApplicationContext.log Manager: list: Listing contexts for virtual host 'localhost'
31-May-2020 23:22:39.223 INFO [http-nio-8282-exec-4] org.apache.catalina.core.ApplicationContext.log Manager: list: Listing contexts for virtual host 'localhost'
31-May-2020 23:22:39.238 INFO [http-nio-8282-exec-1] org.apache.catalina.core.ApplicationContext.log Manager: list: Listing contexts for virtual host 'localhost'
31-May-2020 23:23:42.168 INFO [http-nio-8282-exec-7] org.apache.catalina.core.ApplicationContext.log Manager: list: Listing contexts for virtual host 'localhost'
31-May-2020 23:26:21.974 INFO [http-nio-8282-exec-8] org.apache.catalina.core.ApplicationContext.log Manager: list: Listing contexts for virtual host 'localhost'
31-May-2020 23:26:29.133 INFO [http-nio-8282-exec-6] org.apache.catalina.core.ApplicationContext.log Manager: list: Listing contexts for virtual host 'localhost'
31-May-2020 23:28:43.054 INFO [http-nio-8282-exec-2] org.apache.catalina.core.ApplicationContext.log Manager: list: Listing contexts for virtual host 'localhost'
31-May-2020 23:28:46.838 INFO [http-nio-8282-exec-8] org.apache.catalina.core.ApplicationContext.log Manager: list: Listing contexts for virtual host 'localhost'
31-May-2020 23:28:46.877 INFO [http-nio-8282-exec-9] org.apache.catalina.core.ApplicationContext.log Manager: list: Listing contexts for virtual host 'localhost'
31-May-2020 23:29:37.803 INFO [http-nio-8282-exec-2] org.apache.catalina.core.ApplicationContext.log Manager: list: Listing contexts for virtual host 'localhost'
31-May-2020 23:31:55.845 INFO [http-nio-8282-exec-5] org.apache.catalina.core.ApplicationContext.log Manager: list: Listing contexts for virtual host 'localhost'
31-May-2020 23:31:57.741 INFO [http-nio-8282-exec-4] org.apache.catalina.core.ApplicationContext.log Manager: list: Listing contexts for virtual host 'localhost'
31-May-2020 23:31:57.758 INFO [http-nio-8282-exec-5] org.apache.catalina.core.ApplicationContext.log Manager: list: Listing contexts for virtual host 'localhost'
