24-May-2020 13:29:27.706 INFO [http-nio-8282-exec-5] org.apache.catalina.core.ApplicationContext.log Manager: init: Associated with Deployer 'Catalina:type=Deployer,host=localhost'
24-May-2020 13:29:27.707 INFO [http-nio-8282-exec-5] org.apache.catalina.core.ApplicationContext.log Manager: init: Global resources are available
24-May-2020 13:29:27.708 INFO [http-nio-8282-exec-5] org.apache.catalina.core.ApplicationContext.log Manager: list: Listing contexts for virtual host 'localhost'
24-May-2020 13:29:27.729 INFO [http-nio-8282-exec-6] org.apache.catalina.core.ApplicationContext.log Manager: list: Listing contexts for virtual host 'localhost'
24-May-2020 13:32:00.231 INFO [http-nio-8282-exec-4] org.apache.catalina.core.ApplicationContext.log Manager: init: Associated with Deployer 'Catalina:type=Deployer,host=localhost'
24-May-2020 13:32:00.232 INFO [http-nio-8282-exec-4] org.apache.catalina.core.ApplicationContext.log Manager: init: Global resources are available
24-May-2020 13:32:00.234 INFO [http-nio-8282-exec-4] org.apache.catalina.core.ApplicationContext.log Manager: list: Listing contexts for virtual host 'localhost'
24-May-2020 13:32:00.259 INFO [http-nio-8282-exec-6] org.apache.catalina.core.ApplicationContext.log Manager: list: Listing contexts for virtual host 'localhost'
24-May-2020 13:33:58.768 INFO [http-nio-8282-exec-5] org.apache.catalina.core.ApplicationContext.log Manager: init: Associated with Deployer 'Catalina:type=Deployer,host=localhost'
24-May-2020 13:33:58.768 INFO [http-nio-8282-exec-5] org.apache.catalina.core.ApplicationContext.log Manager: init: Global resources are available
24-May-2020 13:33:58.770 INFO [http-nio-8282-exec-5] org.apache.catalina.core.ApplicationContext.log Manager: list: Listing contexts for virtual host 'localhost'
24-May-2020 13:33:58.789 INFO [http-nio-8282-exec-9] org.apache.catalina.core.ApplicationContext.log Manager: list: Listing contexts for virtual host 'localhost'
24-May-2020 13:38:28.037 INFO [http-nio-8282-exec-10] org.apache.catalina.core.ApplicationContext.log Manager: list: Listing contexts for virtual host 'localhost'
24-May-2020 13:38:28.061 INFO [http-nio-8282-exec-1] org.apache.catalina.core.ApplicationContext.log Manager: list: Listing contexts for virtual host 'localhost'
24-May-2020 13:38:28.086 INFO [http-nio-8282-exec-4] org.apache.catalina.core.ApplicationContext.log Manager: install: Installing context configuration at 'file:/var/folders/tf/t1xz7yvn1sz6bpgxjv2z8_6w0000gp/T/context673746536612747117.xml'
24-May-2020 13:38:29.177 INFO [http-nio-8282-exec-3] org.apache.catalina.core.ApplicationContext.log Manager: start: Starting web application '/WebApplicaion3'
24-May-2020 13:39:47.583 INFO [http-nio-8282-exec-2] org.apache.catalina.core.ApplicationContext.log Manager: list: Listing contexts for virtual host 'localhost'
24-May-2020 13:39:54.855 INFO [http-nio-8282-exec-4] org.apache.catalina.core.ApplicationContext.log Manager: list: Listing contexts for virtual host 'localhost'
24-May-2020 13:39:54.866 INFO [http-nio-8282-exec-3] org.apache.catalina.core.ApplicationContext.log Manager: list: Listing contexts for virtual host 'localhost'
24-May-2020 13:40:31.816 INFO [http-nio-8282-exec-4] org.apache.catalina.core.ApplicationContext.log Manager: list: Listing contexts for virtual host 'localhost'
24-May-2020 13:40:31.831 INFO [http-nio-8282-exec-3] org.apache.catalina.core.ApplicationContext.log Manager: list: Listing contexts for virtual host 'localhost'
24-May-2020 13:40:31.860 INFO [http-nio-8282-exec-1] org.apache.catalina.core.ApplicationContext.log Manager: install: Installing context configuration at 'file:/var/folders/tf/t1xz7yvn1sz6bpgxjv2z8_6w0000gp/T/context11188215518701815577.xml'
24-May-2020 13:40:31.988 INFO [http-nio-8282-exec-2] org.apache.catalina.core.ApplicationContext.log Manager: start: Starting web application '/WebApplication4'
24-May-2020 13:44:40.598 INFO [http-nio-8282-exec-6] org.apache.catalina.core.ApplicationContext.log Manager: init: Associated with Deployer 'Catalina:type=Deployer,host=localhost'
24-May-2020 13:44:40.599 INFO [http-nio-8282-exec-6] org.apache.catalina.core.ApplicationContext.log Manager: init: Global resources are available
24-May-2020 13:44:40.601 INFO [http-nio-8282-exec-6] org.apache.catalina.core.ApplicationContext.log Manager: list: Listing contexts for virtual host 'localhost'
24-May-2020 13:44:40.614 INFO [http-nio-8282-exec-7] org.apache.catalina.core.ApplicationContext.log Manager: list: Listing contexts for virtual host 'localhost'
24-May-2020 13:46:00.186 INFO [http-nio-8282-exec-6] org.apache.catalina.core.ApplicationContext.log Manager: list: Listing contexts for virtual host 'localhost'
24-May-2020 13:46:03.019 INFO [http-nio-8282-exec-4] org.apache.catalina.core.ApplicationContext.log Manager: list: Listing contexts for virtual host 'localhost'
24-May-2020 13:46:03.031 INFO [http-nio-8282-exec-5] org.apache.catalina.core.ApplicationContext.log Manager: list: Listing contexts for virtual host 'localhost'
24-May-2020 13:46:16.480 INFO [http-nio-8282-exec-4] org.apache.catalina.core.ApplicationContext.log Manager: list: Listing contexts for virtual host 'localhost'
24-May-2020 13:46:16.499 INFO [http-nio-8282-exec-5] org.apache.catalina.core.ApplicationContext.log Manager: list: Listing contexts for virtual host 'localhost'
24-May-2020 13:46:55.779 INFO [http-nio-8282-exec-5] org.apache.catalina.core.ApplicationContext.log Manager: list: Listing contexts for virtual host 'localhost'
24-May-2020 13:47:00.937 INFO [http-nio-8282-exec-2] org.apache.catalina.core.ApplicationContext.log Manager: list: Listing contexts for virtual host 'localhost'
24-May-2020 13:47:00.948 INFO [http-nio-8282-exec-4] org.apache.catalina.core.ApplicationContext.log Manager: list: Listing contexts for virtual host 'localhost'
24-May-2020 13:47:23.523 INFO [http-nio-8282-exec-3] org.apache.catalina.core.ApplicationContext.log Manager: list: Listing contexts for virtual host 'localhost'
24-May-2020 13:47:35.491 INFO [http-nio-8282-exec-3] org.apache.catalina.core.ApplicationContext.log Manager: list: Listing contexts for virtual host 'localhost'
24-May-2020 13:47:37.372 INFO [http-nio-8282-exec-10] org.apache.catalina.core.ApplicationContext.log Manager: list: Listing contexts for virtual host 'localhost'
24-May-2020 13:47:37.380 INFO [http-nio-8282-exec-3] org.apache.catalina.core.ApplicationContext.log Manager: list: Listing contexts for virtual host 'localhost'
24-May-2020 13:47:45.471 INFO [http-nio-8282-exec-10] org.apache.catalina.core.ApplicationContext.log Manager: list: Listing contexts for virtual host 'localhost'
24-May-2020 13:47:45.946 INFO [http-nio-8282-exec-6] org.apache.catalina.core.ApplicationContext.log Manager: list: Listing contexts for virtual host 'localhost'
24-May-2020 13:47:45.957 INFO [http-nio-8282-exec-8] org.apache.catalina.core.ApplicationContext.log Manager: list: Listing contexts for virtual host 'localhost'
24-May-2020 13:48:24.299 INFO [http-nio-8282-exec-8] org.apache.catalina.core.ApplicationContext.log Manager: list: Listing contexts for virtual host 'localhost'
24-May-2020 13:48:26.617 INFO [http-nio-8282-exec-4] org.apache.catalina.core.ApplicationContext.log Manager: list: Listing contexts for virtual host 'localhost'
24-May-2020 13:48:30.258 INFO [http-nio-8282-exec-3] org.apache.catalina.core.ApplicationContext.log Manager: list: Listing contexts for virtual host 'localhost'
24-May-2020 13:48:30.302 INFO [http-nio-8282-exec-7] org.apache.catalina.core.ApplicationContext.log Manager: list: Listing contexts for virtual host 'localhost'
24-May-2020 13:50:07.821 INFO [http-nio-8282-exec-7] org.apache.catalina.core.ApplicationContext.log Manager: list: Listing contexts for virtual host 'localhost'
24-May-2020 13:50:08.316 INFO [http-nio-8282-exec-7] org.apache.catalina.core.ApplicationContext.log Manager: list: Listing contexts for virtual host 'localhost'
24-May-2020 13:50:08.327 INFO [http-nio-8282-exec-4] org.apache.catalina.core.ApplicationContext.log Manager: list: Listing contexts for virtual host 'localhost'
24-May-2020 13:50:28.100 INFO [http-nio-8282-exec-7] org.apache.catalina.core.ApplicationContext.log Manager: list: Listing contexts for virtual host 'localhost'
24-May-2020 13:50:28.443 INFO [http-nio-8282-exec-5] org.apache.catalina.core.ApplicationContext.log Manager: list: Listing contexts for virtual host 'localhost'
24-May-2020 13:50:28.461 INFO [http-nio-8282-exec-3] org.apache.catalina.core.ApplicationContext.log Manager: list: Listing contexts for virtual host 'localhost'
