23-May-2020 18:50:53.229 INFO [http-nio-8080-exec-8] org.apache.catalina.core.ApplicationContext.log Manager: init: Associated with Deployer 'Catalina:type=Deployer,host=localhost'
23-May-2020 18:50:53.230 INFO [http-nio-8080-exec-8] org.apache.catalina.core.ApplicationContext.log Manager: init: Global resources are available
23-May-2020 18:50:53.235 INFO [http-nio-8080-exec-8] org.apache.catalina.core.ApplicationContext.log Manager: list: Listing contexts for virtual host 'localhost'
23-May-2020 18:50:53.277 INFO [http-nio-8080-exec-9] org.apache.catalina.core.ApplicationContext.log Manager: list: Listing contexts for virtual host 'localhost'
23-May-2020 18:50:53.338 INFO [http-nio-8080-exec-10] org.apache.catalina.core.ApplicationContext.log Manager: install: Installing context configuration at 'file:/var/folders/tf/t1xz7yvn1sz6bpgxjv2z8_6w0000gp/T/context10647523590024028988.xml'
23-May-2020 18:50:53.638 INFO [http-nio-8080-exec-1] org.apache.catalina.core.ApplicationContext.log Manager: start: Starting web application '/WebApplication1'
23-May-2020 18:56:07.795 INFO [http-nio-8080-exec-9] org.apache.catalina.core.ApplicationContext.log Manager: list: Listing contexts for virtual host 'localhost'
23-May-2020 18:56:54.635 INFO [http-nio-8080-exec-8] org.apache.catalina.core.ApplicationContext.log Manager: list: Listing contexts for virtual host 'localhost'
23-May-2020 18:57:47.777 INFO [http-nio-8080-exec-10] org.apache.catalina.core.ApplicationContext.log Manager: list: Listing contexts for virtual host 'localhost'
23-May-2020 18:59:36.016 INFO [http-nio-8080-exec-3] org.apache.catalina.core.ApplicationContext.log Manager: list: Listing contexts for virtual host 'localhost'
23-May-2020 19:24:28.814 INFO [http-nio-8080-exec-7] org.apache.catalina.core.ApplicationContext.log Manager: list: Listing contexts for virtual host 'localhost'
23-May-2020 19:26:23.690 INFO [http-nio-8080-exec-6] org.apache.catalina.core.ApplicationContext.log Manager: list: Listing contexts for virtual host 'localhost'
23-May-2020 19:29:52.705 INFO [http-nio-8080-exec-2] org.apache.catalina.core.ApplicationContext.log Manager: list: Listing contexts for virtual host 'localhost'
23-May-2020 19:29:53.061 INFO [http-nio-8080-exec-10] org.apache.catalina.core.ApplicationContext.log Manager: list: Listing contexts for virtual host 'localhost'
23-May-2020 19:30:21.885 INFO [http-nio-8080-exec-9] org.apache.catalina.core.ApplicationContext.log Manager: list: Listing contexts for virtual host 'localhost'
23-May-2020 19:33:02.603 INFO [http-nio-8080-exec-9] org.apache.catalina.core.ApplicationContext.log Manager: list: Listing contexts for virtual host 'localhost'
23-May-2020 19:34:52.924 INFO [http-nio-8080-exec-9] org.apache.catalina.core.ApplicationContext.log Manager: list: Listing contexts for virtual host 'localhost'
23-May-2020 19:36:33.092 INFO [http-nio-8080-exec-5] org.apache.catalina.core.ApplicationContext.log Manager: list: Listing contexts for virtual host 'localhost'
23-May-2020 19:36:49.773 INFO [http-nio-8080-exec-2] org.apache.catalina.core.ApplicationContext.log Manager: list: Listing contexts for virtual host 'localhost'
23-May-2020 19:42:31.228 INFO [http-nio-8080-exec-3] org.apache.catalina.core.ApplicationContext.log Manager: list: Listing contexts for virtual host 'localhost'
23-May-2020 19:42:36.886 INFO [http-nio-8080-exec-2] org.apache.catalina.core.ApplicationContext.log Manager: list: Listing contexts for virtual host 'localhost'
23-May-2020 19:44:39.873 INFO [http-nio-8080-exec-4] org.apache.catalina.core.ApplicationContext.log Manager: list: Listing contexts for virtual host 'localhost'
23-May-2020 19:44:53.597 INFO [http-nio-8080-exec-9] org.apache.catalina.core.ApplicationContext.log Manager: list: Listing contexts for virtual host 'localhost'
23-May-2020 19:44:59.276 INFO [http-nio-8080-exec-10] org.apache.catalina.core.ApplicationContext.log Manager: list: Listing contexts for virtual host 'localhost'
23-May-2020 20:33:50.070 INFO [http-nio-8080-exec-6] org.apache.catalina.core.ApplicationContext.log Manager: list: Listing contexts for virtual host 'localhost'
23-May-2020 20:33:50.131 INFO [http-nio-8080-exec-3] org.apache.catalina.core.ApplicationContext.log Manager: list: Listing contexts for virtual host 'localhost'
23-May-2020 20:33:50.273 INFO [http-nio-8080-exec-5] org.apache.catalina.core.ApplicationContext.log Manager: install: Installing context configuration at 'file:/var/folders/tf/t1xz7yvn1sz6bpgxjv2z8_6w0000gp/T/context6416655941758754666.xml'
23-May-2020 20:33:51.579 INFO [http-nio-8080-exec-7] org.apache.catalina.core.ApplicationContext.log Manager: start: Starting web application '/mavenproject1'
23-May-2020 21:28:21.304 INFO [http-nio-8282-exec-8] org.apache.catalina.core.ApplicationContext.log Manager: init: Associated with Deployer 'Catalina:type=Deployer,host=localhost'
23-May-2020 21:28:21.308 INFO [http-nio-8282-exec-8] org.apache.catalina.core.ApplicationContext.log Manager: init: Global resources are available
23-May-2020 21:28:21.316 INFO [http-nio-8282-exec-8] org.apache.catalina.core.ApplicationContext.log Manager: list: Listing contexts for virtual host 'localhost'
23-May-2020 21:28:21.361 INFO [http-nio-8282-exec-9] org.apache.catalina.core.ApplicationContext.log Manager: list: Listing contexts for virtual host 'localhost'
23-May-2020 21:28:21.502 INFO [http-nio-8282-exec-10] org.apache.catalina.core.ApplicationContext.log Manager: undeploy: Undeploying web application at '/WebApplication1'
23-May-2020 21:28:22.224 INFO [http-nio-8282-exec-5] org.apache.catalina.core.ApplicationContext.log Manager: install: Installing context configuration at 'file:/var/folders/tf/t1xz7yvn1sz6bpgxjv2z8_6w0000gp/T/context9939540560768291051.xml'
23-May-2020 21:28:22.481 INFO [http-nio-8282-exec-6] org.apache.catalina.core.ApplicationContext.log Manager: start: Starting web application '/WebApplication1'
23-May-2020 21:29:43.326 INFO [http-nio-8282-exec-9] org.apache.catalina.core.ApplicationContext.log Manager: init: Associated with Deployer 'Catalina:type=Deployer,host=localhost'
23-May-2020 21:29:43.327 INFO [http-nio-8282-exec-9] org.apache.catalina.core.ApplicationContext.log Manager: init: Global resources are available
23-May-2020 21:29:43.340 INFO [http-nio-8282-exec-9] org.apache.catalina.core.ApplicationContext.log Manager: list: Listing contexts for virtual host 'localhost'
23-May-2020 21:29:43.402 INFO [http-nio-8282-exec-10] org.apache.catalina.core.ApplicationContext.log Manager: list: Listing contexts for virtual host 'localhost'
23-May-2020 21:30:28.880 INFO [http-nio-8282-exec-7] org.apache.catalina.core.ApplicationContext.log Manager: init: Associated with Deployer 'Catalina:type=Deployer,host=localhost'
23-May-2020 21:30:28.880 INFO [http-nio-8282-exec-7] org.apache.catalina.core.ApplicationContext.log Manager: init: Global resources are available
23-May-2020 21:30:28.881 INFO [http-nio-8282-exec-7] org.apache.catalina.core.ApplicationContext.log Manager: list: Listing contexts for virtual host 'localhost'
23-May-2020 21:30:28.907 INFO [http-nio-8282-exec-8] org.apache.catalina.core.ApplicationContext.log Manager: list: Listing contexts for virtual host 'localhost'
