may. 23, 2020 12:26:15 A.M. org.apache.catalina.core.ApplicationContext log
INFO: ContextListener: contextInitialized()
may. 23, 2020 12:26:15 A.M. org.apache.catalina.core.ApplicationContext log
INFO: SessionListener: contextInitialized()
may. 23, 2020 12:26:15 A.M. org.apache.catalina.core.ApplicationContext log
INFO: ContextListener: attributeAdded('StockTicker', 'async.Stockticker@20bb3db3')
may. 23, 2020 12:26:15 A.M. org.apache.catalina.core.ApplicationContext log
INFO: ContextListener: attributeAdded('org.apache.jasper.compiler.TldLocationsCache', 'org.apache.jasper.compiler.TldLocationsCache@6022a11d')
may. 23, 2020 12:26:43 A.M. org.apache.catalina.core.ApplicationContext log
INFO: SessionListener: contextDestroyed()
may. 23, 2020 12:26:43 A.M. org.apache.catalina.core.ApplicationContext log
INFO: ContextListener: contextDestroyed()
may. 23, 2020 7:30:58 A.M. org.apache.catalina.core.ApplicationContext log
INFO: ContextListener: contextInitialized()
may. 23, 2020 7:30:58 A.M. org.apache.catalina.core.ApplicationContext log
INFO: SessionListener: contextInitialized()
may. 23, 2020 7:30:58 A.M. org.apache.catalina.core.ApplicationContext log
INFO: ContextListener: attributeAdded('StockTicker', 'async.Stockticker@596dc028')
may. 23, 2020 7:30:58 A.M. org.apache.catalina.core.ApplicationContext log
INFO: ContextListener: attributeAdded('org.apache.jasper.compiler.TldLocationsCache', 'org.apache.jasper.compiler.TldLocationsCache@4dbab4c2')
may. 23, 2020 7:56:30 A.M. org.apache.catalina.core.ApplicationContext log
INFO: SessionListener: contextDestroyed()
may. 23, 2020 7:56:30 A.M. org.apache.catalina.core.ApplicationContext log
INFO: ContextListener: contextDestroyed()
may. 23, 2020 7:57:01 A.M. org.apache.catalina.core.ApplicationContext log
INFO: ContextListener: contextInitialized()
may. 23, 2020 7:57:01 A.M. org.apache.catalina.core.ApplicationContext log
INFO: SessionListener: contextInitialized()
may. 23, 2020 7:57:01 A.M. org.apache.catalina.core.ApplicationContext log
INFO: ContextListener: attributeAdded('StockTicker', 'async.Stockticker@456f4188')
may. 23, 2020 7:57:02 A.M. org.apache.catalina.core.ApplicationContext log
INFO: ContextListener: attributeAdded('org.apache.jasper.compiler.TldLocationsCache', 'org.apache.jasper.compiler.TldLocationsCache@28f647b3')
may. 23, 2020 7:58:41 A.M. org.apache.catalina.core.ApplicationContext log
INFO: SessionListener: contextDestroyed()
may. 23, 2020 7:58:41 A.M. org.apache.catalina.core.ApplicationContext log
INFO: ContextListener: contextDestroyed()
may. 23, 2020 7:59:13 A.M. org.apache.catalina.core.ApplicationContext log
INFO: ContextListener: contextInitialized()
may. 23, 2020 7:59:13 A.M. org.apache.catalina.core.ApplicationContext log
INFO: SessionListener: contextInitialized()
may. 23, 2020 7:59:13 A.M. org.apache.catalina.core.ApplicationContext log
INFO: ContextListener: attributeAdded('StockTicker', 'async.Stockticker@596dc028')
may. 23, 2020 7:59:13 A.M. org.apache.catalina.core.ApplicationContext log
INFO: ContextListener: attributeAdded('org.apache.jasper.compiler.TldLocationsCache', 'org.apache.jasper.compiler.TldLocationsCache@4dbab4c2')
may. 23, 2020 8:07:17 A.M. org.apache.catalina.core.ApplicationContext log
INFO: SessionListener: contextDestroyed()
may. 23, 2020 8:07:17 A.M. org.apache.catalina.core.ApplicationContext log
INFO: ContextListener: contextDestroyed()
may. 23, 2020 8:07:40 A.M. org.apache.catalina.core.ApplicationContext log
INFO: ContextListener: contextInitialized()
may. 23, 2020 8:07:40 A.M. org.apache.catalina.core.ApplicationContext log
INFO: SessionListener: contextInitialized()
may. 23, 2020 8:07:40 A.M. org.apache.catalina.core.ApplicationContext log
INFO: ContextListener: attributeAdded('StockTicker', 'async.Stockticker@456f4188')
may. 23, 2020 8:07:40 A.M. org.apache.catalina.core.ApplicationContext log
INFO: ContextListener: attributeAdded('org.apache.jasper.compiler.TldLocationsCache', 'org.apache.jasper.compiler.TldLocationsCache@28f647b3')
may. 23, 2020 8:18:06 A.M. org.apache.catalina.core.ApplicationContext log
INFO: SessionListener: contextDestroyed()
may. 23, 2020 8:18:06 A.M. org.apache.catalina.core.ApplicationContext log
INFO: ContextListener: contextDestroyed()
may. 23, 2020 8:21:49 A.M. org.apache.catalina.core.ApplicationContext log
INFO: ContextListener: contextInitialized()
may. 23, 2020 8:21:49 A.M. org.apache.catalina.core.ApplicationContext log
INFO: SessionListener: contextInitialized()
may. 23, 2020 8:21:49 A.M. org.apache.catalina.core.ApplicationContext log
INFO: ContextListener: attributeAdded('StockTicker', 'async.Stockticker@d85435b')
may. 23, 2020 8:21:49 A.M. org.apache.catalina.core.ApplicationContext log
INFO: ContextListener: attributeAdded('org.apache.jasper.compiler.TldLocationsCache', 'org.apache.jasper.compiler.TldLocationsCache@533ed9da')
may. 23, 2020 8:34:48 A.M. org.apache.catalina.core.ApplicationContext log
INFO: SessionListener: contextDestroyed()
may. 23, 2020 8:34:48 A.M. org.apache.catalina.core.ApplicationContext log
INFO: ContextListener: contextDestroyed()
may. 23, 2020 8:35:00 A.M. org.apache.catalina.core.ApplicationContext log
INFO: ContextListener: contextInitialized()
may. 23, 2020 8:35:00 A.M. org.apache.catalina.core.ApplicationContext log
INFO: SessionListener: contextInitialized()
may. 23, 2020 8:35:00 A.M. org.apache.catalina.core.ApplicationContext log
INFO: ContextListener: attributeAdded('StockTicker', 'async.Stockticker@4c7209cc')
may. 23, 2020 8:35:00 A.M. org.apache.catalina.core.ApplicationContext log
INFO: ContextListener: attributeAdded('org.apache.jasper.compiler.TldLocationsCache', 'org.apache.jasper.compiler.TldLocationsCache@d378991')
may. 23, 2020 8:40:01 A.M. org.apache.catalina.core.ApplicationContext log
INFO: SessionListener: contextDestroyed()
may. 23, 2020 8:40:01 A.M. org.apache.catalina.core.ApplicationContext log
INFO: ContextListener: contextDestroyed()
may. 23, 2020 9:28:31 A.M. org.apache.catalina.core.ApplicationContext log
INFO: ContextListener: contextInitialized()
may. 23, 2020 9:28:31 A.M. org.apache.catalina.core.ApplicationContext log
INFO: SessionListener: contextInitialized()
may. 23, 2020 9:28:31 A.M. org.apache.catalina.core.ApplicationContext log
INFO: ContextListener: attributeAdded('StockTicker', 'async.Stockticker@456f4188')
may. 23, 2020 9:28:31 A.M. org.apache.catalina.core.ApplicationContext log
INFO: ContextListener: attributeAdded('org.apache.jasper.compiler.TldLocationsCache', 'org.apache.jasper.compiler.TldLocationsCache@28f647b3')
may. 23, 2020 9:39:08 A.M. org.apache.catalina.core.ApplicationContext log
INFO: SessionListener: contextDestroyed()
may. 23, 2020 9:39:08 A.M. org.apache.catalina.core.ApplicationContext log
INFO: ContextListener: contextDestroyed()
may. 23, 2020 9:39:19 A.M. org.apache.catalina.core.ApplicationContext log
INFO: ContextListener: contextInitialized()
may. 23, 2020 9:39:19 A.M. org.apache.catalina.core.ApplicationContext log
INFO: SessionListener: contextInitialized()
may. 23, 2020 9:39:19 A.M. org.apache.catalina.core.ApplicationContext log
INFO: ContextListener: attributeAdded('StockTicker', 'async.Stockticker@596dc028')
may. 23, 2020 9:39:19 A.M. org.apache.catalina.core.ApplicationContext log
INFO: ContextListener: attributeAdded('org.apache.jasper.compiler.TldLocationsCache', 'org.apache.jasper.compiler.TldLocationsCache@4dbab4c2')
may. 23, 2020 9:41:52 A.M. org.apache.catalina.core.ApplicationContext log
INFO: SessionListener: contextDestroyed()
may. 23, 2020 9:41:52 A.M. org.apache.catalina.core.ApplicationContext log
INFO: ContextListener: contextDestroyed()
may. 23, 2020 9:42:02 A.M. org.apache.catalina.core.ApplicationContext log
INFO: ContextListener: contextInitialized()
may. 23, 2020 9:42:02 A.M. org.apache.catalina.core.ApplicationContext log
INFO: SessionListener: contextInitialized()
may. 23, 2020 9:42:02 A.M. org.apache.catalina.core.ApplicationContext log
INFO: ContextListener: attributeAdded('StockTicker', 'async.Stockticker@3b5f74d8')
may. 23, 2020 9:42:02 A.M. org.apache.catalina.core.ApplicationContext log
INFO: ContextListener: attributeAdded('org.apache.jasper.compiler.TldLocationsCache', 'org.apache.jasper.compiler.TldLocationsCache@4069ddae')
may. 23, 2020 5:48:14 P.M. org.apache.catalina.core.ApplicationContext log
INFO: SessionListener: contextDestroyed()
may. 23, 2020 5:48:14 P.M. org.apache.catalina.core.ApplicationContext log
INFO: ContextListener: contextDestroyed()
may. 23, 2020 5:48:41 P.M. org.apache.catalina.core.ApplicationContext log
INFO: ContextListener: contextInitialized()
may. 23, 2020 5:48:41 P.M. org.apache.catalina.core.ApplicationContext log
INFO: SessionListener: contextInitialized()
may. 23, 2020 5:48:41 P.M. org.apache.catalina.core.ApplicationContext log
INFO: ContextListener: attributeAdded('StockTicker', 'async.Stockticker@596dc028')
may. 23, 2020 5:48:41 P.M. org.apache.catalina.core.ApplicationContext log
INFO: ContextListener: attributeAdded('org.apache.jasper.compiler.TldLocationsCache', 'org.apache.jasper.compiler.TldLocationsCache@4dbab4c2')
may. 23, 2020 6:03:16 P.M. org.apache.catalina.core.ApplicationContext log
INFO: SessionListener: contextDestroyed()
may. 23, 2020 6:03:16 P.M. org.apache.catalina.core.ApplicationContext log
INFO: ContextListener: contextDestroyed()
may. 23, 2020 6:03:26 P.M. org.apache.catalina.core.ApplicationContext log
INFO: ContextListener: contextInitialized()
may. 23, 2020 6:03:26 P.M. org.apache.catalina.core.ApplicationContext log
INFO: SessionListener: contextInitialized()
may. 23, 2020 6:03:26 P.M. org.apache.catalina.core.ApplicationContext log
INFO: ContextListener: attributeAdded('StockTicker', 'async.Stockticker@456f4188')
may. 23, 2020 6:03:26 P.M. org.apache.catalina.core.ApplicationContext log
INFO: ContextListener: attributeAdded('org.apache.jasper.compiler.TldLocationsCache', 'org.apache.jasper.compiler.TldLocationsCache@28f647b3')
may. 23, 2020 6:17:40 P.M. org.apache.catalina.core.ApplicationContext log
INFO: SessionListener: contextDestroyed()
may. 23, 2020 6:17:40 P.M. org.apache.catalina.core.ApplicationContext log
INFO: ContextListener: contextDestroyed()
